<?xml version="1.0" encoding="UTF-8"?>
<!-- Generated by org.testng.reporters.JUnitReportReporter -->
<testsuite name="TestRutSinc.TestRutSinc.AppTest" tests="2" time="18.349" ignored="0" failures="0" timestamp="06 feb 2019 18:38:37 GMT" skipped="0" hostname="DANIELMANZO" errors="0">
  <testcase name="SetearDriver" time="5.484" classname="TestRutSinc.TestRutSinc.AppTest"/>
  <testcase name="BuscarRegistro" time="12.865" classname="TestRutSinc.TestRutSinc.AppTest"/>
</testsuite> <!-- TestRutSinc.TestRutSinc.AppTest -->
